<?xml version="1.0" encoding="UTF-8"?>
<!-- Generated by org.testng.reporters.JUnitReportReporter -->
<testsuite hostname="DESKTOP-H9LUPLR" failures="0" tests="4" name="Testng.Annotationandpriority" time="8.719" errors="0" timestamp="2023-08-03T00:22:52 IST" skipped="1">
  <testcase classname="Testng.Annotationandpriority" name="OpenApp" time="6.554"/>
  <testcase classname="Testng.Annotationandpriority" name="Login" time="1.969"/>
  <testcase classname="Testng.Annotationandpriority" name="CloseApp" time="0.196"/>
  <testcase classname="Testng.Annotationandpriority" name="search">
    <skipped/>
  </testcase> <!-- search -->
</testsuite> <!-- Testng.Annotationandpriority -->
