<?xml version="1.0" encoding="UTF-8"?>
<!-- Generated by org.testng.reporters.JUnitReportReporter -->
<testsuite hostname="DESKTOP-H9LUPLR" failures="0" tests="8" name="Testng.Annotationandpriority" time="11.391" errors="0" timestamp="2025-08-29T16:18:22 IST" skipped="0">
  <testcase classname="Testng.Annotationandpriority" name="OpenApp" time="5.092"/>
  <testcase classname="Testng.Annotationandpriority" name="OpenApp" time="4.624"/>
  <testcase classname="Testng.Annotationandpriority" name="Login" time="0.510"/>
  <testcase classname="Testng.Annotationandpriority" name="Login" time="0.687"/>
  <testcase classname="Testng.Annotationandpriority" name="search" time="0.009"/>
  <testcase classname="Testng.Annotationandpriority" name="search" time="0.013"/>
  <testcase classname="Testng.Annotationandpriority" name="CloseApp" time="0.222"/>
  <testcase classname="Testng.Annotationandpriority" name="CloseApp" time="0.234"/>
</testsuite> <!-- Testng.Annotationandpriority -->
