<?xml version="1.0" encoding="UTF-8"?>
<!-- Generated by org.testng.reporters.JUnitReportReporter -->
<testsuite hostname="DESKTOP-H9LUPLR" failures="0" tests="10" name="Testng.Invocationscount" time="0.054" errors="0" timestamp="2025-08-26T16:17:22 IST" skipped="0">
  <testcase classname="Testng.Invocationscount" name="Login" time="0.004"/>
  <testcase classname="Testng.Invocationscount" name="Login" time="0.003"/>
  <testcase classname="Testng.Invocationscount" name="Login" time="0.004"/>
  <testcase classname="Testng.Invocationscount" name="Login" time="0.003"/>
  <testcase classname="Testng.Invocationscount" name="Login" time="0.003"/>
  <testcase classname="Testng.Invocationscount" name="Login" time="0.023"/>
  <testcase classname="Testng.Invocationscount" name="Login" time="0.003"/>
  <testcase classname="Testng.Invocationscount" name="Login" time="0.005"/>
  <testcase classname="Testng.Invocationscount" name="Login" time="0.003"/>
  <testcase classname="Testng.Invocationscount" name="Login" time="0.003"/>
</testsuite> <!-- Testng.Invocationscount -->
