<?xml version="1.0" encoding="UTF-8"?>
<!-- Generated by org.testng.reporters.JUnitReportReporter -->
<testsuite hostname="DESKTOP-H9LUPLR" failures="0" tests="1" name="POMtest.LoginTest" time="0.764" errors="0" timestamp="2025-08-26T21:19:26 IST" skipped="0">
  <testcase classname="POMtest.LoginTest" name="Login" time="0.764"/>
</testsuite> <!-- POMtest.LoginTest -->
