<?xml version="1.0" encoding="UTF-8"?>
<!-- Generated by org.testng.reporters.JUnitReportReporter -->
<testsuite hostname="DESKTOP-1C5N22D" failures="0" tests="20" name="Testng.Invocationscount" time="0.123" errors="0" timestamp="2023-07-14T20:29:21 IST" skipped="0">
  <testcase classname="Testng.Invocationscount" name="Login" time="0.003"/>
  <testcase classname="Testng.Invocationscount" name="Login" time="0.003"/>
  <testcase classname="Testng.Invocationscount" name="Login" time="0.006"/>
  <testcase classname="Testng.Invocationscount" name="Login" time="0.004"/>
  <testcase classname="Testng.Invocationscount" name="Login" time="0.009"/>
  <testcase classname="Testng.Invocationscount" name="Login" time="0.005"/>
  <testcase classname="Testng.Invocationscount" name="Login" time="0.004"/>
  <testcase classname="Testng.Invocationscount" name="Login" time="0.002"/>
  <testcase classname="Testng.Invocationscount" name="Login" time="0.005"/>
  <testcase classname="Testng.Invocationscount" name="Login" time="0.004"/>
  <testcase classname="Testng.Invocationscount" name="Login" time="0.003"/>
  <testcase classname="Testng.Invocationscount" name="Login" time="0.009"/>
  <testcase classname="Testng.Invocationscount" name="Login" time="0.005"/>
  <testcase classname="Testng.Invocationscount" name="Login" time="0.033"/>
  <testcase classname="Testng.Invocationscount" name="Login" time="0.004"/>
  <testcase classname="Testng.Invocationscount" name="Login" time="0.004"/>
  <testcase classname="Testng.Invocationscount" name="Login" time="0.002"/>
  <testcase classname="Testng.Invocationscount" name="Login" time="0.006"/>
  <testcase classname="Testng.Invocationscount" name="Login" time="0.008"/>
  <testcase classname="Testng.Invocationscount" name="Login" time="0.004"/>
</testsuite> <!-- Testng.Invocationscount -->
