<?xml version="1.0" encoding="UTF-8"?>
<!-- Generated by org.testng.reporters.JUnitReportReporter -->
<testsuite hostname="DESKTOP-1C5N22D" failures="0" tests="8" name="Testng.Paramtrs" time="39.305" errors="0" timestamp="2023-07-19T14:42:40 IST" skipped="0">
  <testcase classname="Testng.Paramtrs" name="OpenApp" time="15.771"/>
  <testcase classname="Testng.Paramtrs" name="OpenApp" time="9.528"/>
  <testcase classname="Testng.Paramtrs" name="Login" time="5.362"/>
  <testcase classname="Testng.Paramtrs" name="Login" time="1.756"/>
  <testcase classname="Testng.Paramtrs" name="search" time="0.005"/>
  <testcase classname="Testng.Paramtrs" name="search" time="0.004"/>
  <testcase classname="Testng.Paramtrs" name="CloseApp" time="6.505"/>
  <testcase classname="Testng.Paramtrs" name="CloseApp" time="0.374"/>
</testsuite> <!-- Testng.Paramtrs -->
