<?xml version="1.0" encoding="UTF-8"?>
<!-- Generated by org.testng.reporters.JUnitReportReporter -->
<testsuite hostname="DESKTOP-H9LUPLR" failures="0" tests="4" name="POMtest.LoginTest" time="6.191" errors="0" timestamp="2023-09-07T13:49:56 IST" skipped="0">
  <testcase classname="POMtest.LoginTest" name="Header" time="0.117"/>
  <testcase classname="POMtest.LoginTest" name="Login" time="2.022"/>
  <testcase classname="POMtest.LoginTest" name="Title" time="0.065"/>
  <testcase classname="POMtest.LoginTest" name="NewCustomer" time="3.987"/>
</testsuite> <!-- POMtest.LoginTest -->
