<?xml version="1.0" encoding="UTF-8"?>
<!-- Generated by org.testng.reporters.JUnitReportReporter -->
<testsuite hostname="DESKTOP-1C5N22D" failures="0" tests="4" name="Testng.Annotationandpriority" time="10.095" errors="0" timestamp="2023-07-19T10:49:01 IST" skipped="1">
  <testcase classname="Testng.Annotationandpriority" name="OpenApp" time="8.956"/>
  <testcase classname="Testng.Annotationandpriority" name="Login" time="0.915"/>
  <testcase classname="Testng.Annotationandpriority" name="CloseApp" time="0.224"/>
  <testcase classname="Testng.Annotationandpriority" name="search">
    <skipped/>
  </testcase> <!-- search -->
</testsuite> <!-- Testng.Annotationandpriority -->
