<?xml version="1.0" encoding="UTF-8"?>
<!-- Generated by org.testng.reporters.JUnitReportReporter -->
<testsuite hostname="DESKTOP-1C5N22D" failures="0" tests="3" name="Testng.BeforeAnDAfter" time="20.598" errors="0" timestamp="2023-07-15T15:02:09 IST" skipped="0">
  <testcase classname="Testng.BeforeAnDAfter" name="Search" time="5.441"/>
  <testcase classname="Testng.BeforeAnDAfter" name="Login" time="9.873"/>
  <testcase classname="Testng.BeforeAnDAfter" name="Advsearch" time="5.284"/>
</testsuite> <!-- Testng.BeforeAnDAfter -->
