<?xml version="1.0" encoding="UTF-8"?>
<!-- Generated by org.testng.reporters.JUnitReportReporter -->
<testsuite hostname="DESKTOP-H9LUPLR" failures="0" tests="4" name="POMtest.LoginTest" time="10.621" errors="0" timestamp="2023-08-04T10:02:09 IST" skipped="0">
  <testcase classname="POMtest.LoginTest" name="Header" time="0.163"/>
  <testcase classname="POMtest.LoginTest" name="Login" time="2.558"/>
  <testcase classname="POMtest.LoginTest" name="Title" time="1.402"/>
  <testcase classname="POMtest.LoginTest" name="NewCustomer" time="6.498"/>
</testsuite> <!-- POMtest.LoginTest -->
